2024-12-19 08:15:23.145 INFO [web-server-1] com.app.auth.LoginService - User login successful - userId=user_1001, ipAddress=192.168.1.45, sessionId=sess_a8f7d9e2
2024-12-19 08:15:24.332 INFO [web-server-2] com.app.api.UserController - GET /api/users/1001 - status=200, responseTime=45ms
2024-12-19 08:15:25.678 DEBUG [web-server-1] com.app.db.ConnectionPool - Database connection acquired - poolSize=15/50, waitTime=2ms
2024-12-19 08:15:26.891 INFO [web-server-3] com.app.payment.PaymentService - Payment initiated - transactionId=TXN_20241219_001, amount=149.99, currency=USD
2024-12-19 08:15:28.234 WARN [web-server-2] com.app.cache.RedisCache - Cache miss - key=user_profile_1001, fallback=database
2024-12-19 08:15:29.567 INFO [web-server-1] com.app.api.ProductController - GET /api/products?category=electronics - status=200, responseTime=123ms, resultCount=45
2024-12-19 08:15:31.123 ERROR [web-server-3] com.app.payment.PaymentGateway - Payment processing failed - transactionId=TXN_20241219_001, errorCode=INSUFFICIENT_FUNDS, userId=user_1002
2024-12-19 08:15:32.456 INFO [web-server-2] com.app.auth.LoginService - User login successful - userId=user_1003, ipAddress=10.0.2.78, sessionId=sess_b9e8c7f3
2024-12-19 08:15:33.789 DEBUG [web-server-1] com.app.middleware.AuthMiddleware - Token validation - userId=user_1001, tokenExpiry=2024-12-19T16:15:23Z
2024-12-19 08:15:35.012 INFO [web-server-3] com.app.order.OrderService - Order created - orderId=ORD_98765, userId=user_1003, totalAmount=299.50
2024-12-19 08:15:36.345 WARN [web-server-2] com.app.api.RateLimiter - Rate limit approaching - userId=user_1004, requests=95/100, window=1min
2024-12-19 08:15:37.678 INFO [web-server-1] com.app.notification.EmailService - Email sent - recipient=user1001@example.com, template=order_confirmation, status=delivered
2024-12-19 08:15:39.901 INFO [web-server-3] com.app.search.SearchService - Search query executed - query="wireless headphones", results=234, responseTime=87ms
2024-12-19 08:15:41.234 ERROR [web-server-2] com.app.integration.InventoryAPI - External API timeout - endpoint=https://inventory.partner.com/api/stock, timeout=5000ms
2024-12-19 08:15:42.567 INFO [web-server-1] com.app.api.CartController - POST /api/cart/add - userId=user_1003, productId=prod_5678, quantity=2, status=201
2024-12-19 08:15:43.890 DEBUG [web-server-3] com.app.db.QueryLogger - SQL executed - query="SELECT * FROM users WHERE id=?", executionTime=12ms
2024-12-19 08:15:45.123 INFO [web-server-2] com.app.auth.LogoutService - User logout - userId=user_1001, sessionDuration=29min45s
2024-12-19 08:15:46.456 WARN [web-server-1] com.app.monitoring.HealthCheck - High memory usage detected - heapUsed=3.2GB/4GB, gcCount=45
2024-12-19 08:15:47.789 INFO [web-server-3] com.app.payment.PaymentService - Payment successful - transactionId=TXN_20241219_002, amount=299.50, paymentMethod=credit_card
2024-12-19 08:15:49.012 INFO [web-server-2] com.app.api.ReviewController - POST /api/reviews - userId=user_1005, productId=prod_3456, rating=5, status=201
2024-12-19 08:15:50.345 ERROR [web-server-1] com.app.db.ConnectionPool - Database connection failed - host=db-primary.local, port=5432, error=Connection refused
2024-12-19 08:15:51.678 INFO [web-server-3] com.app.auth.LoginService - User login failed - userId=user_1006, reason=INVALID_PASSWORD, attempts=3, ipAddress=203.45.67.89
2024-12-19 08:15:53.901 DEBUG [web-server-2] com.app.cache.RedisCache - Cache write - key=product_details_5678, ttl=3600s
2024-12-19 08:15:55.234 INFO [web-server-1] com.app.api.UserController - PUT /api/users/1003/profile - status=200, responseTime=67ms
2024-12-19 08:15:56.567 WARN [web-server-3] com.app.security.FirewallService - Suspicious activity detected - ipAddress=185.220.101.23, requestCount=500, timeWindow=1min
2024-12-19 08:15:57.890 INFO [web-server-2] com.app.notification.SMSService - SMS sent - recipient=+1234567890, template=2fa_code, status=delivered
2024-12-19 08:15:59.123 INFO [web-server-1] com.app.api.ProductController - GET /api/products/5678 - status=200, responseTime=34ms, cached=true
2024-12-19 08:16:00.456 DEBUG [web-server-3] com.app.middleware.LoggingMiddleware - Request logged - method=POST, path=/api/orders, duration=234ms, statusCode=201
2024-12-19 08:16:01.789 ERROR [web-server-2] com.app.payment.RefundService - Refund processing failed - transactionId=TXN_20241218_999, errorCode=TRANSACTION_NOT_FOUND
2024-12-19 08:16:03.012 INFO [web-server-1] com.app.order.ShippingService - Shipping label created - orderId=ORD_98766, carrier=FedEx, trackingNumber=1Z999AA10123456784
2024-12-19 08:16:04.345 INFO [web-server-3] com.app.auth.LoginService - User login successful - userId=user_1007, ipAddress=172.16.0.45, sessionId=sess_c8d7b6a5
2024-12-19 08:16:05.678 WARN [web-server-2] com.app.api.RateLimiter - Rate limit exceeded - userId=user_1004, requests=101/100, action=blocked
2024-12-19 08:16:06.901 INFO [web-server-1] com.app.analytics.EventTracker - Event tracked - eventType=page_view, userId=user_1007, page=/products/electronics
2024-12-19 08:16:08.234 DEBUG [web-server-3] com.app.cache.CacheManager - Cache eviction - evictedKeys=15, reason=memory_pressure
2024-12-19 08:16:09.567 INFO [web-server-2] com.app.api.WishlistController - POST /api/wishlist/add - userId=user_1007, productId=prod_7890, status=201
2024-12-19 08:16:10.890 ERROR [web-server-1] com.app.integration.ShippingAPI - API error - endpoint=/calculate-rate, statusCode=503, message=Service temporarily unavailable
2024-12-19 08:16:12.123 INFO [web-server-3] com.app.search.SearchService - Search query executed - query="laptop 15 inch", results=156, responseTime=92ms
2024-12-19 08:16:13.456 INFO [web-server-2] com.app.payment.PaymentService - Payment initiated - transactionId=TXN_20241219_003, amount=89.99, currency=USD
2024-12-19 08:16:14.789 WARN [web-server-1] com.app.monitoring.PerformanceMonitor - Slow query detected - query="SELECT * FROM orders WHERE date > ?", executionTime=3456ms
2024-12-19 08:16:16.012 INFO [web-server-3] com.app.api.CartController - DELETE /api/cart/items/123 - userId=user_1003, status=204
2024-12-19 08:16:17.345 DEBUG [web-server-2] com.app.db.TransactionManager - Transaction committed - transactionId=tx_a1b2c3d4, duration=45ms
2024-12-19 08:16:18.678 INFO [web-server-1] com.app.notification.PushService - Push notification sent - userId=user_1003, template=order_shipped, deviceToken=dev_xyz789
2024-12-19 08:16:19.901 INFO [web-server-3] com.app.auth.PasswordResetService - Password reset initiated - userId=user_1008, email=user1008@example.com
2024-12-19 08:16:21.234 ERROR [web-server-2] com.app.media.ImageService - Image upload failed - userId=user_1007, fileName=product.jpg, error=Invalid file format
2024-12-19 08:16:22.567 INFO [web-server-1] com.app.api.ReviewController - GET /api/reviews?productId=5678 - status=200, responseTime=56ms, reviewCount=127
2024-12-19 08:16:23.890 INFO [web-server-3] com.app.payment.PaymentService - Payment successful - transactionId=TXN_20241219_003, amount=89.99, paymentMethod=paypal
2024-12-19 08:16:25.123 WARN [web-server-2] com.app.security.SessionManager - Session expired - sessionId=sess_a8f7d9e2, userId=user_1001, idleTime=30min
2024-12-19 08:16:26.456 INFO [web-server-1] com.app.api.InventoryController - GET /api/inventory/check - productId=prod_5678, stock=23, status=200
2024-12-19 08:16:27.789 DEBUG [web-server-3] com.app.middleware.CorsMiddleware - CORS preflight - origin=https://app.example.com, method=POST, allowed=true
2024-12-19 08:16:29.012 INFO [web-server-2] com.app.order.OrderService - Order updated - orderId=ORD_98766, status=shipped, trackingAdded=true
2024-12-19 08:16:30.345 ERROR [web-server-1] com.app.cache.RedisCache - Redis connection lost - host=redis-cluster.local, reconnecting=true, attempt=1
2024-12-19 08:16:31.678 INFO [web-server-3] com.app.auth.LoginService - User login successful - userId=user_1009, ipAddress=192.168.5.123, sessionId=sess_d7c6b5a4
2024-12-19 08:16:32.901 WARN [web-server-2] com.app.api.FileUploadController - Large file upload - userId=user_1009, fileSize=45MB, filename=presentation.pdf
2024-12-19 08:16:34.234 INFO [web-server-1] com.app.analytics.EventTracker - Event tracked - eventType=add_to_cart, userId=user_1009, productId=prod_2345, quantity=1
2024-12-19 08:16:35.567 DEBUG [web-server-3] com.app.db.ConnectionPool - Database connection released - poolSize=14/50, activeConnections=14
2024-12-19 08:16:36.890 INFO [web-server-2] com.app.api.PromoController - POST /api/promo/apply - userId=user_1003, promoCode=SAVE20, discount=20%, status=200
2024-12-19 08:16:38.123 INFO [web-server-1] com.app.notification.EmailService - Email sent - recipient=user1009@example.com, template=welcome_email, status=delivered
2024-12-19 08:16:39.456 ERROR [web-server-3] com.app.payment.PaymentGateway - Payment declined - transactionId=TXN_20241219_004, errorCode=CARD_DECLINED, userId=user_1010
2024-12-19 08:16:40.789 INFO [web-server-2] com.app.search.SearchService - Search query executed - query="gaming mouse rgb", results=89, responseTime=78ms
2024-12-19 08:16:42.012 WARN [web-server-1] com.app.monitoring.DiskMonitor - Low disk space - partition=/var/log, available=2.3GB, threshold=5GB
2024-12-19 08:16:43.345 INFO [web-server-3] com.app.api.AddressController - POST /api/users/1009/addresses - status=201, addressType=shipping
2024-12-19 08:16:44.678 DEBUG [web-server-2] com.app.security.TokenService - JWT token generated - userId=user_1009, expiry=2024-12-19T16:16:44Z, scope=read,write
2024-12-19 08:16:45.901 INFO [web-server-1] com.app.payment.PaymentService - Payment initiated - transactionId=TXN_20241219_005, amount=599.99, currency=USD
2024-12-19 08:16:47.234 INFO [web-server-3] com.app.api.CategoryController - GET /api/categories - status=200, responseTime=23ms, categoryCount=12
2024-12-19 08:16:48.567 ERROR [web-server-2] com.app.integration.InventoryAPI - Stock sync failed - endpoint=/sync, errorCode=AUTHENTICATION_FAILED, retryScheduled=true
2024-12-19 08:16:49.890 INFO [web-server-1] com.app.order.OrderService - Order created - orderId=ORD_98767, userId=user_1009, totalAmount=599.99
2024-12-19 08:16:51.123 WARN [web-server-3] com.app.api.RateLimiter - Rate limit warning - userId=user_1011, requests=85/100, window=1min
2024-12-19 08:16:52.456 INFO [web-server-2] com.app.analytics.EventTracker - Event tracked - eventType=checkout_completed, userId=user_1009, orderId=ORD_98767, revenue=599.99
2024-12-19 08:16:53.789 DEBUG [web-server-1] com.app.cache.RedisCache - Cache hit - key=product_details_2345, ttl=2847s
2024-12-19 08:16:55.012 INFO [web-server-3] com.app.payment.PaymentService - Payment successful - transactionId=TXN_20241219_005, amount=599.99, paymentMethod=credit_card
2024-12-19 08:16:56.345 INFO [web-server-2] com.app.api.UserController - GET /api/users/1009/orders - status=200, responseTime=89ms, orderCount=1
2024-12-19 08:16:57.678 ERROR [web-server-1] com.app.notification.SMSService - SMS delivery failed - recipient=+9876543210, errorCode=INVALID_NUMBER, template=order_confirmation
2024-12-19 08:16:58.901 INFO [web-server-3] com.app.auth.LoginService - User login failed - userId=user_1012, reason=ACCOUNT_LOCKED, attempts=5, ipAddress=45.67.89.123
2024-12-19 08:17:00.234 WARN [web-server-2] com.app.security.BruteForceProtection - Account locked - userId=user_1012, reason=MAX_LOGIN_ATTEMPTS, lockDuration=15min
2024-12-19 08:17:01.567 INFO [web-server-1] com.app.api.WishlistController - GET /api/wishlist - userId=user_1007, status=200, itemCount=5
2024-12-19 08:17:02.890 DEBUG [web-server-3] com.app.middleware.CompressionMiddleware - Response compressed - originalSize=234KB, compressedSize=45KB, ratio=80.8%
2024-12-19 08:17:04.123 INFO [web-server-2] com.app.search.SearchService - Search query executed - query="mechanical keyboard", results=203, responseTime=95ms
2024-12-19 08:17:05.456 INFO [web-server-1] com.app.order.ShippingService - Shipping label created - orderId=ORD_98767, carrier=UPS, trackingNumber=1Z999AA10987654321
2024-12-19 08:17:06.789 ERROR [web-server-3] com.app.media.VideoService - Video processing failed - videoId=vid_12345, error=ENCODING_ERROR, format=mp4
2024-12-19 08:17:08.012 INFO [web-server-2] com.app.api.ProductController - POST /api/products/5678/views - status=201, viewSource=web
2024-12-19 08:17:09.345 WARN [web-server-1] com.app.monitoring.HealthCheck - High CPU usage detected - cpuUsage=87%, duration=2min, threshold=80%
2024-12-19 08:17:10.678 INFO [web-server-3] com.app.notification.PushService - Push notification sent - userId=user_1009, template=order_confirmed, deviceToken=dev_abc123
2024-12-19 08:17:11.901 DEBUG [web-server-2] com.app.db.QueryLogger - SQL executed - query="UPDATE orders SET status=? WHERE id=?", executionTime=8ms
2024-12-19 08:17:13.234 INFO [web-server-1] com.app.auth.LoginService - User login successful - userId=user_1013, ipAddress=10.0.3.45, sessionId=sess_e6d5c4b3
2024-12-19 08:17:14.567 INFO [web-server-3] com.app.api.SubscriptionController - POST /api/subscriptions - userId=user_1013, plan=premium, status=201
2024-12-19 08:17:15.890 ERROR [web-server-2] com.app.integration.EmailProvider - Email service unavailable - provider=SendGrid, statusCode=503, retrying=true
2024-12-19 08:17:17.123 INFO [web-server-1] com.app.payment.PaymentService - Payment initiated - transactionId=TXN_20241219_006, amount=29.99, currency=USD
2024-12-19 08:17:18.456 WARN [web-server-3] com.app.cache.CacheManager - Cache fragmentation detected - fragmentationRatio=45%, defragScheduled=true
2024-12-19 08:17:19.789 INFO [web-server-2] com.app.api.ReportController - GET /api/reports/sales?period=daily - status=200, responseTime=456ms
2024-12-19 08:17:21.012 DEBUG [web-server-1] com.app.security.EncryptionService - Data encrypted - algorithm=AES-256, size=1024bytes, duration=3ms
2024-12-19 08:17:22.345 INFO [web-server-3] com.app.payment.PaymentService - Payment successful - transactionId=TXN_20241219_006, amount=29.99, paymentMethod=apple_pay
2024-12-19 08:17:23.678 INFO [web-server-2] com.app.analytics.EventTracker - Event tracked - eventType=subscription_created, userId=user_1013, plan=premium
2024-12-19 08:17:24.901 ERROR [web-server-1] com.app.db.ConnectionPool - Connection pool exhausted - maxConnections=50, activeConnections=50, waitingRequests=5
2024-12-19 08:17:26.234 INFO [web-server-3] com.app.api.NotificationController - GET /api/notifications - userId=user_1013, status=200, unreadCount=3
2024-12-19 08:17:27.567 WARN [web-server-2] com.app.monitoring.NetworkMonitor - High network latency - latency=350ms, threshold=200ms, endpoint=db-replica.local
2024-12-19 08:17:28.890 INFO [web-server-1] com.app.order.RefundService - Refund initiated - orderId=ORD_98760, amount=149.99, reason=customer_request